<?xml version="1.0" encoding="UTF-8"?>
<!-- Generated by org.testng.reporters.JUnitReportReporter -->
<testsuite hostname="PC_ABHIJEET" name="gmailGroup.gmailArtifact.AppTest" tests="1" failures="0" timestamp="15 Sep 2018 17:14:21 GMT" time="67.398" errors="0">
  <testcase name="testSendEmail" time="67.398" classname="gmailGroup.gmailArtifact.AppTest"/>
</testsuite> <!-- gmailGroup.gmailArtifact.AppTest -->
